<?xml version="1.0" encoding="UTF-8"?>
<!-- Generated by org.testng.reporters.JUnitXMLReporter -->
<testsuite ignored="0" hostname="LAPTOP-80Q5H2U4" failures="1" tests="1" name="All Listings Tests" time="8.336" errors="0" timestamp="30 mars 2023 23:37:05 GMT">
  <testcase classname="com.hostaway.tests.AllListingsTests" name="rightNumberOfResultsDisplayed" time="8.33">
    <failure type="java.lang.AssertionError" message="The number of results returned does not match the number displayed in the label expected [66] but found [65]">
      <![CDATA[java.lang.AssertionError: The number of results returned does not match the number displayed in the label expected [66] but found [65]at com.hostaway.tests.AllListingsTests.rightNumberOfResultsDisplayed(AllListingsTests.java:51)... Removed 30 stack frames]]>
    </failure>
  </testcase> <!-- rightNumberOfResultsDisplayed -->
</testsuite> <!-- All Listings Tests -->
