<?xml version="1.0" encoding="UTF-8"?>
<!-- Generated by org.testng.reporters.JUnitXMLReporter -->
<testsuite ignored="0" hostname="LAPTOP-80Q5H2U4" failures="0" tests="14" name="Filters Tests" time="64.619" errors="0" timestamp="30 mars 2023 23:36:57 GMT">
  <testcase classname="com.hostaway.tests.FiltersTests" name="areAllAmenitiesDisplayed" time="0.688"/>
  <testcase classname="com.hostaway.tests.FiltersTests" name="clearAllFilters" time="20.054"/>
  <testcase classname="com.hostaway.tests.FiltersTests" name="fillInThePricesAfterHavingFilledInTheDates" time="4.115"/>
  <testcase classname="com.hostaway.tests.FiltersTests" name="fillInThePricesWithoutHavingFilledInTheDates" time="0.448"/>
  <testcase classname="com.hostaway.tests.FiltersTests" name="maximalPriceInputDisplayed" time="0.056"/>
  <testcase classname="com.hostaway.tests.FiltersTests" name="minimalPriceInputDisplayed" time="0.092"/>
  <testcase classname="com.hostaway.tests.FiltersTests" name="roomsAndBedsSelectorsDisplayed" time="0.174"/>
  <testcase classname="com.hostaway.tests.FiltersTests" name="selectDeselectAllAmenities" time="2.065"/>
  <testcase classname="com.hostaway.tests.FiltersTests" name="selectMaximumNumberOfBathrooms" time="6.062"/>
  <testcase classname="com.hostaway.tests.FiltersTests" name="selectMaximumNumberOfBedrooms" time="6.149"/>
  <testcase classname="com.hostaway.tests.FiltersTests" name="selectMaximumNumberOfBeds" time="6.118"/>
  <testcase classname="com.hostaway.tests.FiltersTests" name="selectMinimumNumberOfBathrooms" time="6.052"/>
  <testcase classname="com.hostaway.tests.FiltersTests" name="selectMinimumNumberOfBedrooms" time="6.105"/>
  <testcase classname="com.hostaway.tests.FiltersTests" name="selectMinimumNumberOfBeds" time="6.093"/>
</testsuite> <!-- Filters Tests -->
