<?xml version="1.0" encoding="UTF-8"?>
<!-- Generated by org.testng.reporters.JUnitXMLReporter -->
<testsuite ignored="0" hostname="LAPTOP-80Q5H2U4" failures="0" tests="14" name="Tests on Filters" time="72.74" errors="0" timestamp="30 mars 2023 23:42:00 GMT">
  <testcase classname="com.hostaway.tests.FiltersTests" name="areAllAmenitiesDisplayed" time="0.852"/>
  <testcase classname="com.hostaway.tests.FiltersTests" name="clearAllFilters" time="19.884"/>
  <testcase classname="com.hostaway.tests.FiltersTests" name="fillInThePricesAfterHavingFilledInTheDates" time="4.015"/>
  <testcase classname="com.hostaway.tests.FiltersTests" name="fillInThePricesWithoutHavingFilledInTheDates" time="0.585"/>
  <testcase classname="com.hostaway.tests.FiltersTests" name="maximalPriceInputDisplayed" time="0.099"/>
  <testcase classname="com.hostaway.tests.FiltersTests" name="minimalPriceInputDisplayed" time="0.065"/>
  <testcase classname="com.hostaway.tests.FiltersTests" name="roomsAndBedsSelectorsDisplayed" time="0.163"/>
  <testcase classname="com.hostaway.tests.FiltersTests" name="selectDeselectAllAmenities" time="1.982"/>
  <testcase classname="com.hostaway.tests.FiltersTests" name="selectMaximumNumberOfBathrooms" time="6.083"/>
  <testcase classname="com.hostaway.tests.FiltersTests" name="selectMaximumNumberOfBedrooms" time="6.181"/>
  <testcase classname="com.hostaway.tests.FiltersTests" name="selectMaximumNumberOfBeds" time="6.105"/>
  <testcase classname="com.hostaway.tests.FiltersTests" name="selectMinimumNumberOfBathrooms" time="6.103"/>
  <testcase classname="com.hostaway.tests.FiltersTests" name="selectMinimumNumberOfBedrooms" time="6.098"/>
  <testcase classname="com.hostaway.tests.FiltersTests" name="selectMinimumNumberOfBeds" time="6.074"/>
</testsuite> <!-- Tests on Filters -->
