<?xml version="1.0" encoding="UTF-8"?>
<!-- Generated by org.testng.reporters.JUnitXMLReporter -->
<testsuite ignored="13" hostname="LAPTOP-80Q5H2U4" failures="0" tests="1" name="Default test" time="0.335" errors="0" timestamp="30 mars 2023 22:13:16 GMT">
  <testcase classname="com.hostaway.tests.FiltersTests" name="minimalPriceInputDisplayed" time="0.181"/>
  <testcase classname="com.hostaway.tests.FiltersTests" name="selectMaximumNumberOfBedrooms" time="0.0">
    <ignored/>
  </testcase> <!-- selectMaximumNumberOfBedrooms -->
  <testcase classname="com.hostaway.tests.FiltersTests" name="selectMinimumNumberOfBedrooms" time="0.0">
    <ignored/>
  </testcase> <!-- selectMinimumNumberOfBedrooms -->
  <testcase classname="com.hostaway.tests.FiltersTests" name="roomsAndBedsSelectorsDisplayed" time="0.0">
    <ignored/>
  </testcase> <!-- roomsAndBedsSelectorsDisplayed -->
  <testcase classname="com.hostaway.tests.FiltersTests" name="fillInThePricesAfterHavingFilledInTheDates" time="0.0">
    <ignored/>
  </testcase> <!-- fillInThePricesAfterHavingFilledInTheDates -->
  <testcase classname="com.hostaway.tests.FiltersTests" name="fillInThePricesWithoutHavingFilledInTheDates" time="0.0">
    <ignored/>
  </testcase> <!-- fillInThePricesWithoutHavingFilledInTheDates -->
  <testcase classname="com.hostaway.tests.FiltersTests" name="selectDeselectAllAmenities" time="0.0">
    <ignored/>
  </testcase> <!-- selectDeselectAllAmenities -->
  <testcase classname="com.hostaway.tests.FiltersTests" name="selectMinimumNumberOfBathrooms" time="0.0">
    <ignored/>
  </testcase> <!-- selectMinimumNumberOfBathrooms -->
  <testcase classname="com.hostaway.tests.FiltersTests" name="selectMaximumNumberOfBeds" time="0.0">
    <ignored/>
  </testcase> <!-- selectMaximumNumberOfBeds -->
  <testcase classname="com.hostaway.tests.FiltersTests" name="selectMaximumNumberOfBathrooms" time="0.0">
    <ignored/>
  </testcase> <!-- selectMaximumNumberOfBathrooms -->
  <testcase classname="com.hostaway.tests.FiltersTests" name="maximalPriceInputDisplayed" time="0.0">
    <ignored/>
  </testcase> <!-- maximalPriceInputDisplayed -->
  <testcase classname="com.hostaway.tests.FiltersTests" name="selectMinimumNumberOfBeds" time="0.0">
    <ignored/>
  </testcase> <!-- selectMinimumNumberOfBeds -->
  <testcase classname="com.hostaway.tests.FiltersTests" name="clearAllFilters" time="0.0">
    <ignored/>
  </testcase> <!-- clearAllFilters -->
  <testcase classname="com.hostaway.tests.FiltersTests" name="areAllAmenitiesDisplayed" time="0.0">
    <ignored/>
  </testcase> <!-- areAllAmenitiesDisplayed -->
</testsuite> <!-- Default test -->
