<?xml version="1.0" encoding="UTF-8"?>
<!-- Generated by org.testng.reporters.JUnitXMLReporter -->
<testsuite ignored="0" hostname="LAPTOP-80Q5H2U4" failures="1" tests="15" name="TechnicalTest" time="73.041" errors="0" timestamp="30 mars 2023 23:27:24 GMT">
  <testcase classname="com.hostaway.tests.FiltersTests" name="areAllAmenitiesDisplayed" time="0.93"/>
  <testcase classname="com.hostaway.tests.FiltersTests" name="clearAllFilters" time="19.994"/>
  <testcase classname="com.hostaway.tests.FiltersTests" name="fillInThePricesAfterHavingFilledInTheDates" time="4.005"/>
  <testcase classname="com.hostaway.tests.FiltersTests" name="fillInThePricesWithoutHavingFilledInTheDates" time="0.498"/>
  <testcase classname="com.hostaway.tests.FiltersTests" name="maximalPriceInputDisplayed" time="0.041"/>
  <testcase classname="com.hostaway.tests.FiltersTests" name="minimalPriceInputDisplayed" time="0.09"/>
  <testcase classname="com.hostaway.tests.FiltersTests" name="roomsAndBedsSelectorsDisplayed" time="0.167"/>
  <testcase classname="com.hostaway.tests.FiltersTests" name="selectDeselectAllAmenities" time="2.1"/>
  <testcase classname="com.hostaway.tests.FiltersTests" name="selectMaximumNumberOfBathrooms" time="6.176"/>
  <testcase classname="com.hostaway.tests.FiltersTests" name="selectMaximumNumberOfBedrooms" time="6.171"/>
  <testcase classname="com.hostaway.tests.FiltersTests" name="selectMaximumNumberOfBeds" time="6.119"/>
  <testcase classname="com.hostaway.tests.FiltersTests" name="selectMinimumNumberOfBathrooms" time="6.059"/>
  <testcase classname="com.hostaway.tests.FiltersTests" name="selectMinimumNumberOfBedrooms" time="6.009"/>
  <testcase classname="com.hostaway.tests.FiltersTests" name="selectMinimumNumberOfBeds" time="6.024"/>
  <testcase classname="com.hostaway.tests.AllListingsTests" name="rightNumberOfResultsDisplayed" time="8.323">
    <failure type="java.lang.AssertionError" message="The number of results returned does not match the number displayed in the label expected [66] but found [65]">
      <![CDATA[java.lang.AssertionError: The number of results returned does not match the number displayed in the label expected [66] but found [65]at com.hostaway.tests.AllListingsTests.rightNumberOfResultsDisplayed(AllListingsTests.java:51)... Removed 30 stack frames]]>
    </failure>
  </testcase> <!-- rightNumberOfResultsDisplayed -->
</testsuite> <!-- TechnicalTest -->
